GAS LISTING /tmp/ccDTBSkI.s 			page 1


   1               		.file	"main.c"
   2               		.arch atmega128
   3               	__SREG__ = 0x3f
   4               	__SP_H__ = 0x3e
   5               	__SP_L__ = 0x3d
   6               	__tmp_reg__ = 0
   7               	__zero_reg__ = 1
   8               		.global __do_copy_data
   9               		.global __do_clear_bss
  10               		.stabs	"/media/sda4/code/atmel/atmega128/simulavr/",100,0,2,.Ltext0
  11               		.stabs	"main.c",100,0,2,.Ltext0
  12               		.text
  13               	.Ltext0:
  14               		.stabs	"gcc2_compiled.",60,0,0,0
  15               		.stabs	"int:t(0,1)=r(0,1);-32768;32767;",128,0,0,0
  16               		.stabs	"char:t(0,2)=@s8;r(0,2);0;255;",128,0,0,0
  17               		.stabs	"long int:t(0,3)=@s32;r(0,3);020000000000;017777777777;",128,0,0,0
  18               		.stabs	"unsigned int:t(0,4)=r(0,4);0;0177777;",128,0,0,0
  19               		.stabs	"long unsigned int:t(0,5)=@s32;r(0,5);0;037777777777;",128,0,0,0
  20               		.stabs	"long long int:t(0,6)=@s64;r(0,6);01000000000000000000000;0777777777777777777777;",128,0,0,
  21               		.stabs	"long long unsigned int:t(0,7)=@s64;r(0,7);0;01777777777777777777777;",128,0,0,0
  22               		.stabs	"short int:t(0,8)=r(0,8);-32768;32767;",128,0,0,0
  23               		.stabs	"short unsigned int:t(0,9)=r(0,9);0;0177777;",128,0,0,0
  24               		.stabs	"signed char:t(0,10)=@s8;r(0,10);-128;127;",128,0,0,0
  25               		.stabs	"unsigned char:t(0,11)=@s8;r(0,11);0;255;",128,0,0,0
  26               		.stabs	"float:t(0,12)=r(0,1);4;0;",128,0,0,0
  27               		.stabs	"double:t(0,13)=r(0,1);4;0;",128,0,0,0
  28               		.stabs	"long double:t(0,14)=r(0,1);4;0;",128,0,0,0
  29               		.stabs	"void:t(0,15)=(0,15)",128,0,0,0
  30               		.stabs	"main.h",130,0,0,0
  31               		.stabs	"/usr/lib/gcc/avr/4.1.0/../../../../avr/include/avr/io.h",130,0,0,0
  32               		.stabs	"/usr/lib/gcc/avr/4.1.0/../../../../avr/include/avr/sfr_defs.h",130,0,0,0
  33               		.stabs	"/usr/lib/gcc/avr/4.1.0/../../../../avr/include/inttypes.h",130,0,0,0
  34               		.stabs	"/usr/lib/gcc/avr/4.1.0/../../../../avr/include/stdint.h",130,0,0,0
  35               		.stabs	"int8_t:t(5,1)=(0,10)",128,0,116,0
  36               		.stabs	"uint8_t:t(5,2)=(0,11)",128,0,117,0
  37               		.stabs	"int16_t:t(5,3)=(0,1)",128,0,118,0
  38               		.stabs	"uint16_t:t(5,4)=(0,4)",128,0,119,0
  39               		.stabs	"int32_t:t(5,5)=(0,3)",128,0,120,0
  40               		.stabs	"uint32_t:t(5,6)=(0,5)",128,0,121,0
  41               		.stabs	"int64_t:t(5,7)=(0,6)",128,0,122,0
  42               		.stabs	"uint64_t:t(5,8)=(0,7)",128,0,123,0
  43               		.stabs	"intptr_t:t(5,9)=(5,3)",128,0,135,0
  44               		.stabs	"uintptr_t:t(5,10)=(5,4)",128,0,140,0
  45               		.stabs	"int_least8_t:t(5,11)=(5,1)",128,0,152,0
  46               		.stabs	"uint_least8_t:t(5,12)=(5,2)",128,0,157,0
  47               		.stabs	"int_least16_t:t(5,13)=(5,3)",128,0,162,0
  48               		.stabs	"uint_least16_t:t(5,14)=(5,4)",128,0,167,0
  49               		.stabs	"int_least32_t:t(5,15)=(5,5)",128,0,172,0
  50               		.stabs	"uint_least32_t:t(5,16)=(5,6)",128,0,177,0
  51               		.stabs	"int_least64_t:t(5,17)=(5,7)",128,0,182,0
  52               		.stabs	"uint_least64_t:t(5,18)=(5,8)",128,0,187,0
  53               		.stabs	"int_fast8_t:t(5,19)=(5,1)",128,0,200,0
  54               		.stabs	"uint_fast8_t:t(5,20)=(5,2)",128,0,205,0
  55               		.stabs	"int_fast16_t:t(5,21)=(5,3)",128,0,210,0
  56               		.stabs	"uint_fast16_t:t(5,22)=(5,4)",128,0,215,0
  57               		.stabs	"int_fast32_t:t(5,23)=(5,5)",128,0,220,0
GAS LISTING /tmp/ccDTBSkI.s 			page 2


  58               		.stabs	"uint_fast32_t:t(5,24)=(5,6)",128,0,225,0
  59               		.stabs	"int_fast64_t:t(5,25)=(5,7)",128,0,230,0
  60               		.stabs	"uint_fast64_t:t(5,26)=(5,8)",128,0,235,0
  61               		.stabs	"intmax_t:t(5,27)=(5,7)",128,0,249,0
  62               		.stabs	"uintmax_t:t(5,28)=(5,8)",128,0,254,0
  63               		.stabn	162,0,0,0
  64               		.stabs	"int_farptr_t:t(4,1)=(5,5)",128,0,76,0
  65               		.stabs	"uint_farptr_t:t(4,2)=(5,6)",128,0,80,0
  66               		.stabn	162,0,0,0
  67               		.stabn	162,0,0,0
  68               		.stabn	162,0,0,0
  69               		.stabn	162,0,0,0
  70               		.stabs	"init:F(0,15)",36,0,4,init
  71               	.global	init
  72               		.type	init, @function
  73               	init:
  74               		.stabd	46,0,0
   1:main.c        **** #include "main.h"
   2:main.c        **** 
   3:main.c        **** void init(void)
   4:main.c        **** {
  75               		.stabn	68,0,4,.LM0-init
  76               	.LM0:
  77               	/* prologue: frame size=0 */
  78               	/* prologue end (size=0) */
   5:main.c        **** 	DDRD = 0xFF;
  79               		.stabn	68,0,5,.LM1-init
  80               	.LM1:
  81 0000 8FEF      		ldi r24,lo8(-1)
  82 0002 81BB      		out 49-0x20,r24
   6:main.c        **** 	PORTD = 0xAA;
  83               		.stabn	68,0,6,.LM2-init
  84               	.LM2:
  85 0004 8AEA      		ldi r24,lo8(-86)
  86 0006 82BB      		out 50-0x20,r24
  87               	/* epilogue: frame size=0 */
  88 0008 0895      		ret
  89               	/* epilogue end (size=1) */
  90               	/* function init size 5 (4) */
  91               		.size	init, .-init
  92               	.Lscope0:
  93               		.stabs	"",36,0,0,.Lscope0-init
  94               		.stabd	78,0,0
  95               		.stabs	"main:F(0,1)",36,0,12,main
  96               	.global	main
  97               		.type	main, @function
  98               	main:
  99               		.stabd	46,0,0
   7:main.c        **** 
   8:main.c        **** 	return;
   9:main.c        **** }
  10:main.c        **** 
  11:main.c        **** int main(void)
  12:main.c        **** {
 100               		.stabn	68,0,12,.LM3-main
 101               	.LM3:
 102               	/* prologue: frame size=0 */
GAS LISTING /tmp/ccDTBSkI.s 			page 3


 103 000a C0E0      		ldi r28,lo8(__stack - 0)
 104 000c D0E0      		ldi r29,hi8(__stack - 0)
 105 000e DEBF      		out __SP_H__,r29
 106 0010 CDBF      		out __SP_L__,r28
 107               	/* prologue end (size=4) */
  13:main.c        **** 	DDRD = 0xFF;
 108               		.stabn	68,0,13,.LM4-main
 109               	.LM4:
 110 0012 8FEF      		ldi r24,lo8(-1)
 111 0014 81BB      		out 49-0x20,r24
 112               	.L6:
  14:main.c        **** 	PORTD = 0xFF;
 113               		.stabn	68,0,14,.LM5-main
 114               	.LM5:
 115 0016 82BB      		out 50-0x20,r24
  15:main.c        **** 
  16:main.c        **** 	while(1)
  17:main.c        **** 	{
  18:main.c        **** 		PORTD = ~PORTD;
 116               		.stabn	68,0,18,.LM6-main
 117               	.LM6:
 118 0018 82B3      		in r24,50-0x20
 119 001a 8095      		com r24
 120 001c FCCF      		rjmp .L6
 121               	/* epilogue: frame size=0 */
 122               	/* epilogue: noreturn */
 123               	/* epilogue end (size=0) */
 124               	/* function main size 10 (6) */
 125               		.size	main, .-main
 126               	.Lscope1:
 127               		.stabs	"",36,0,0,.Lscope1-main
 128               		.stabd	78,0,0
 129               		.stabs	"",100,0,0,.Letext0
 130               	.Letext0:
 131               	/* File "main.c": code   15 = 0x000f (  10), prologues   4, epilogues   1 */
GAS LISTING /tmp/ccDTBSkI.s 			page 4


DEFINED SYMBOLS
                            *ABS*:00000000 main.c
     /tmp/ccDTBSkI.s:3      *ABS*:0000003f __SREG__
     /tmp/ccDTBSkI.s:4      *ABS*:0000003e __SP_H__
     /tmp/ccDTBSkI.s:5      *ABS*:0000003d __SP_L__
     /tmp/ccDTBSkI.s:6      *ABS*:00000000 __tmp_reg__
     /tmp/ccDTBSkI.s:7      *ABS*:00000001 __zero_reg__
     /tmp/ccDTBSkI.s:73     .text:00000000 init
     /tmp/ccDTBSkI.s:98     .text:0000000a main

UNDEFINED SYMBOLS
__do_copy_data
__do_clear_bss
__stack
