GAS LISTING /tmp/cc1P8HEs.s 			page 1


   1               		.file	"main.c"
   2               	__SREG__ = 0x3f
   3               	__SP_H__ = 0x3e
   4               	__SP_L__ = 0x3d
   5               	__tmp_reg__ = 0
   6               	__zero_reg__ = 1
   7               		.global __do_copy_data
   8               		.global __do_clear_bss
   9               		.stabs	"/home/naidu/avr/atmega32/avarice/",100,0,2,.Ltext0
  10               		.stabs	"main.c",100,0,2,.Ltext0
  11               		.text
  12               	.Ltext0:
  13               		.stabs	"gcc2_compiled.",60,0,0,0
  14               		.stabs	"int:t(0,1)=r(0,1);-32768;32767;",128,0,0,0
  15               		.stabs	"char:t(0,2)=@s8;r(0,2);0;255;",128,0,0,0
  16               		.stabs	"long int:t(0,3)=@s32;r(0,3);020000000000;017777777777;",128,0,0,0
  17               		.stabs	"unsigned int:t(0,4)=r(0,4);0;0177777;",128,0,0,0
  18               		.stabs	"long unsigned int:t(0,5)=@s32;r(0,5);0;037777777777;",128,0,0,0
  19               		.stabs	"long long int:t(0,6)=@s64;r(0,6);01000000000000000000000;0777777777777777777777;",128,0,0,
  20               		.stabs	"long long unsigned int:t(0,7)=@s64;r(0,7);0;01777777777777777777777;",128,0,0,0
  21               		.stabs	"short int:t(0,8)=r(0,8);-32768;32767;",128,0,0,0
  22               		.stabs	"short unsigned int:t(0,9)=r(0,9);0;0177777;",128,0,0,0
  23               		.stabs	"signed char:t(0,10)=@s8;r(0,10);-128;127;",128,0,0,0
  24               		.stabs	"unsigned char:t(0,11)=@s8;r(0,11);0;255;",128,0,0,0
  25               		.stabs	"float:t(0,12)=r(0,1);4;0;",128,0,0,0
  26               		.stabs	"double:t(0,13)=r(0,1);4;0;",128,0,0,0
  27               		.stabs	"long double:t(0,14)=r(0,1);4;0;",128,0,0,0
  28               		.stabs	"void:t(0,15)=(0,15)",128,0,0,0
  29               		.stabs	"main.h",130,0,0,0
  30               		.stabs	"/usr/lib/gcc/avr/4.2.2/../../../../avr/include/avr/io.h",130,0,0,0
  31               		.stabs	"/usr/lib/gcc/avr/4.2.2/../../../../avr/include/avr/sfr_defs.h",130,0,0,0
  32               		.stabs	"/usr/lib/gcc/avr/4.2.2/../../../../avr/include/inttypes.h",130,0,0,0
  33               		.stabs	"/usr/lib/gcc/avr/4.2.2/../../../../avr/include/stdint.h",130,0,0,0
  34               		.stabs	"int8_t:t(5,1)=(0,10)",128,0,121,0
  35               		.stabs	"uint8_t:t(5,2)=(0,11)",128,0,122,0
  36               		.stabs	"int16_t:t(5,3)=(0,1)",128,0,123,0
  37               		.stabs	"uint16_t:t(5,4)=(0,4)",128,0,124,0
  38               		.stabs	"int32_t:t(5,5)=(0,3)",128,0,125,0
  39               		.stabs	"uint32_t:t(5,6)=(0,5)",128,0,126,0
  40               		.stabs	"int64_t:t(5,7)=(0,6)",128,0,128,0
  41               		.stabs	"uint64_t:t(5,8)=(0,7)",128,0,129,0
  42               		.stabs	"intptr_t:t(5,9)=(5,3)",128,0,142,0
  43               		.stabs	"uintptr_t:t(5,10)=(5,4)",128,0,147,0
  44               		.stabs	"int_least8_t:t(5,11)=(5,1)",128,0,159,0
  45               		.stabs	"uint_least8_t:t(5,12)=(5,2)",128,0,164,0
  46               		.stabs	"int_least16_t:t(5,13)=(5,3)",128,0,169,0
  47               		.stabs	"uint_least16_t:t(5,14)=(5,4)",128,0,174,0
  48               		.stabs	"int_least32_t:t(5,15)=(5,5)",128,0,179,0
  49               		.stabs	"uint_least32_t:t(5,16)=(5,6)",128,0,184,0
  50               		.stabs	"int_least64_t:t(5,17)=(5,7)",128,0,192,0
  51               		.stabs	"uint_least64_t:t(5,18)=(5,8)",128,0,199,0
  52               		.stabs	"int_fast8_t:t(5,19)=(5,1)",128,0,213,0
  53               		.stabs	"uint_fast8_t:t(5,20)=(5,2)",128,0,218,0
  54               		.stabs	"int_fast16_t:t(5,21)=(5,3)",128,0,223,0
  55               		.stabs	"uint_fast16_t:t(5,22)=(5,4)",128,0,228,0
  56               		.stabs	"int_fast32_t:t(5,23)=(5,5)",128,0,233,0
  57               		.stabs	"uint_fast32_t:t(5,24)=(5,6)",128,0,238,0
GAS LISTING /tmp/cc1P8HEs.s 			page 2


  58               		.stabs	"int_fast64_t:t(5,25)=(5,7)",128,0,246,0
  59               		.stabs	"uint_fast64_t:t(5,26)=(5,8)",128,0,253,0
  60               		.stabs	"intmax_t:t(5,27)=(5,7)",128,0,273,0
  61               		.stabs	"uintmax_t:t(5,28)=(5,8)",128,0,278,0
  62               		.stabn	162,0,0,0
  63               		.stabs	"int_farptr_t:t(4,1)=(5,5)",128,0,77,0
  64               		.stabs	"uint_farptr_t:t(4,2)=(5,6)",128,0,81,0
  65               		.stabn	162,0,0,0
  66               		.stabn	162,0,0,0
  67               		.stabn	162,0,0,0
  68               		.stabn	162,0,0,0
  69               		.stabs	"main:F(0,1)",36,0,4,main
  70               	.global	main
  71               		.type	main, @function
  72               	main:
  73               		.stabd	46,0,0
   1:main.c        **** #include "main.h"
   2:main.c        **** 
   3:main.c        **** int main(void)
   4:main.c        **** {
  74               		.stabn	68,0,4,.LM0-.LFBB1
  75               	.LM0:
  76               	.LFBB1:
  77               	/* prologue: frame size=0 */
  78 0000 C0E0      		ldi r28,lo8(__stack - 0)
  79 0002 D0E0      		ldi r29,hi8(__stack - 0)
  80 0004 DEBF      		out __SP_H__,r29
  81 0006 CDBF      		out __SP_L__,r28
  82               	/* prologue end (size=4) */
   5:main.c        **** 	DDRD = 0xFF;
  83               		.stabn	68,0,5,.LM1-.LFBB1
  84               	.LM1:
  85 0008 8FEF      		ldi r24,lo8(-1)
  86 000a 81BB      		out 49-0x20,r24
   6:main.c        **** 	PORTD = 0x00;
  87               		.stabn	68,0,6,.LM2-.LFBB1
  88               	.LM2:
  89 000c 12BA      		out 50-0x20,__zero_reg__
   7:main.c        ****   PORTD = 0xFF;
  90               		.stabn	68,0,7,.LM3-.LFBB1
  91               	.LM3:
  92 000e 82BB      		out 50-0x20,r24
   8:main.c        **** 	PORTD = 0x00;
  93               		.stabn	68,0,8,.LM4-.LFBB1
  94               	.LM4:
  95 0010 12BA      		out 50-0x20,__zero_reg__
   9:main.c        ****   PORTD = 0xFF;
  96               		.stabn	68,0,9,.LM5-.LFBB1
  97               	.LM5:
  98 0012 82BB      		out 50-0x20,r24
  10:main.c        **** 	PORTD = 0x00;
  99               		.stabn	68,0,10,.LM6-.LFBB1
 100               	.LM6:
 101 0014 12BA      		out 50-0x20,__zero_reg__
  11:main.c        ****   PORTD = 0xFF;
 102               		.stabn	68,0,11,.LM7-.LFBB1
 103               	.LM7:
GAS LISTING /tmp/cc1P8HEs.s 			page 3


 104 0016 82BB      		out 50-0x20,r24
 105               	.L2:
 106 0018 00C0      		rjmp .L2
 107               	/* epilogue: frame size=0 */
 108               	/* epilogue: noreturn */
 109               	/* epilogue end (size=0) */
 110               	/* function main size 13 (9) */
 111               		.size	main, .-main
 112               	.Lscope1:
 113               		.stabs	"",36,0,0,.Lscope1-.LFBB1
 114               		.stabd	78,0,0
 115               		.stabs	"",100,0,0,.Letext0
 116               	.Letext0:
 117               	/* File "main.c": code   13 = 0x000d (   9), prologues   4, epilogues   0 */
GAS LISTING /tmp/cc1P8HEs.s 			page 4


DEFINED SYMBOLS
                            *ABS*:00000000 main.c
     /tmp/cc1P8HEs.s:2      *ABS*:0000003f __SREG__
     /tmp/cc1P8HEs.s:3      *ABS*:0000003e __SP_H__
     /tmp/cc1P8HEs.s:4      *ABS*:0000003d __SP_L__
     /tmp/cc1P8HEs.s:5      *ABS*:00000000 __tmp_reg__
     /tmp/cc1P8HEs.s:6      *ABS*:00000001 __zero_reg__
     /tmp/cc1P8HEs.s:72     .text:00000000 main

UNDEFINED SYMBOLS
__do_copy_data
__do_clear_bss
__stack
